19:13:21 **** Incremental Build of configuration Debug for project Mini_Project_5_MC2 ****
make all 
Building file: ../app2.c
Invoking: AVR Compiler
avr-gcc -Wall -g2 -gstabs -O0 -fpack-struct -fshort-enums -ffunction-sections -fdata-sections -std=gnu99 -funsigned-char -funsigned-bitfields -mmcu=atmega16 -DF_CPU=1000000UL -MMD -MP -MF"app2.d" -MT"app2.o" -c -o "app2.o" "../app2.c"
In file included from ../app2.c:10:
c:/winavr-20100110/lib/gcc/../../avr/include/util/delay.h:90:3: warning: #warning "Compiler optimizations disabled; functions from <util/delay.h> won't work as designed"
Finished building: ../app2.c
 
Building file: ../main2.c
Invoking: AVR Compiler
avr-gcc -Wall -g2 -gstabs -O0 -fpack-struct -fshort-enums -ffunction-sections -fdata-sections -std=gnu99 -funsigned-char -funsigned-bitfields -mmcu=atmega16 -DF_CPU=1000000UL -MMD -MP -MF"main2.d" -MT"main2.o" -c -o "main2.o" "../main2.c"
In file included from ../main2.c:12:
c:/winavr-20100110/lib/gcc/../../avr/include/util/delay.h:90:3: warning: #warning "Compiler optimizations disabled; functions from <util/delay.h> won't work as designed"
Finished building: ../main2.c
 
Building target: Mini_Project_5_MC2.elf
Invoking: AVR C Linker
avr-gcc -Wl,-Map,Mini_Project_5_MC2.map -mmcu=atmega16 -o "Mini_Project_5_MC2.elf"  ./app2.o ./buzzer.o ./external_eeprom.o ./gpio.o ./lcd.o ./main2.o ./motor.o ./timer.o ./twi.o ./uart.o   
Finished building target: Mini_Project_5_MC2.elf
 
Invoking: AVR Create Extended Listing
avr-objdump -h -S Mini_Project_5_MC2.elf  >"Mini_Project_5_MC2.lss"
Finished building: Mini_Project_5_MC2.lss
 
Invoking: Print Size
avr-size --format=avr --mcu=atmega16 Mini_Project_5_MC2.elf
AVR Memory Usage
----------------
Device: atmega16

Program:   10542 bytes (64.3% Full)
(.text + .data + .bootloader)

Data:         24 bytes (2.3% Full)
(.data + .bss + .noinit)


Finished building: sizedummy
 

19:13:22 Build Finished. 0 errors, 2 warnings. (took 934ms)

